2025-07-24 10:32:44,104-DEBUG-root-20424::logging_config::logger|188:: Log file created: 'Log\LAFEL-NOTE-001\TIR__20250724103244081.log'
2025-07-24 10:32:44,105-INFO-root-20424::base::Start|1175:: TIR Version: 1.20.30
2025-07-24 10:32:44,105-INFO-root-20424::base::Start|1176:: Starting the browser
2025-07-24 10:32:51,119-INFO-root-20424::base::get_url|1279:: Loading took too much time! num_of_trying: 2
2025-07-24 10:32:52,540-INFO-root-20424::base::get_url|1279:: Loading took too much time! num_of_trying: 3
2025-07-24 10:32:53,584-INFO-root-20424::base::get_url|1279:: Loading took too much time! num_of_trying: 4
2025-07-24 10:32:54,265-INFO-root-20424::base::get_url|1279:: Loading took too much time! num_of_trying: 5
2025-07-24 10:32:55,688-INFO-root-20424::base::get_url|1279:: Loading took too much time! num_of_trying: 6
2025-07-24 10:32:57,347-INFO-root-20424::base::Start|1242:: Browser maximized to 1936x1048
2025-07-24 10:32:57,347-INFO-root-20424::base::Start|1244:: Screen size is different from default used in headless mode
2025-07-24 10:33:01,831-INFO-root-20424::webapp_internal::Setup|240:: ***System Info*** in Setup():
2025-07-24 10:33:01,833-DEBUG-root-20424::psutil_info::system_info|5:: CPU USAGE: 50.2%
2025-07-24 10:33:01,849-DEBUG-root-20424::psutil_info::system_info|6:: MEMORY USAGE: 87.2%
2025-07-24 10:33:01,890-DEBUG-root-20424::psutil_info::system_info|7:: MEMORY AVAILABLE: 12.76%
2025-07-24 10:33:01,995-INFO-root-20424::base::webapp_shadowroot|1374:: Webapp: 10.0.4
2025-07-24 10:33:01,997-INFO-root-20424::webapp_internal::filling_initial_program|437:: Filling Initial Program: "SIGAFAT"
2025-07-24 10:33:01,997-DEBUG-root-20424::webapp_internal::wait_element|7652:: Waiting for element
2025-07-24 10:33:02,122-DEBUG-root-20424::webapp_internal::wait_element|7682:: Element found! Waiting for element to be displayed.
2025-07-24 10:33:02,388-DEBUG-root-20424::base::click|189:: Click Type: ClickType.JS
2025-07-24 10:33:02,406-DEBUG-root-20424::webapp_internal::try_send_keys|8005:: Trying to send keys to element using technique 0
2025-07-24 10:33:02,953-DEBUG-root-20424::webapp_internal::get_web_value|3193:: Current value: SIGAFAT
2025-07-24 10:33:02,954-INFO-root-20424::webapp_internal::filling_server_environment|451:: Filling Server Environment: "P12012410"
2025-07-24 10:33:02,954-DEBUG-root-20424::webapp_internal::wait_element|7652:: Waiting for element
2025-07-24 10:33:03,025-DEBUG-root-20424::webapp_internal::wait_element|7682:: Element found! Waiting for element to be displayed.
2025-07-24 10:33:03,214-DEBUG-root-20424::base::click|189:: Click Type: ClickType.JS
2025-07-24 10:33:03,221-DEBUG-root-20424::webapp_internal::try_send_keys|8005:: Trying to send keys to element using technique 0
2025-07-24 10:33:04,932-DEBUG-root-20424::webapp_internal::get_web_value|3193:: Current value: P12012410
2025-07-24 10:33:04,963-DEBUG-root-20424::base::click|189:: Click Type: ClickType.JS
2025-07-24 10:33:04,980-DEBUG-root-20424::webapp_internal::user_screen|507:: Filling user screen
2025-07-24 10:33:11,488-DEBUG-root-20424::webapp_internal::wait_element_timeout|7755:: Element found! Waiting for element to be displayed.
2025-07-24 10:33:12,815-INFO-root-20424::webapp_internal::user_screen|549:: Filling User
2025-07-24 10:33:12,838-DEBUG-root-20424::base::double_click|256:: Click Type: ClickType.SELENIUM
2025-07-24 10:33:13,371-DEBUG-root-20424::webapp_internal::get_web_value|3193:: Current value: admin                                                                                                                                                 
2025-07-24 10:33:13,388-INFO-root-20424::webapp_internal::user_screen|609:: Filling Password
2025-07-24 10:33:13,412-DEBUG-root-20424::base::click|189:: Click Type: ClickType.JS
2025-07-24 10:33:13,765-DEBUG-root-20424::webapp_internal::get_web_value|3193:: Current value: Tst2024                  
2025-07-24 10:33:13,765-DEBUG-root-20424::webapp_internal::wait_blocker|2399:: Waiting blocker to continue...
2025-07-24 10:33:13,834-DEBUG-root-20424::webapp_internal::wait_blocker|2424:: Blocker status: False
2025-07-24 10:33:13,869-DEBUG-root-20424::webapp_internal::wait_blocker|2399:: Waiting blocker to continue...
2025-07-24 10:33:13,949-DEBUG-root-20424::webapp_internal::wait_blocker|2424:: Blocker status: False
2025-07-24 10:33:13,949-DEBUG-root-20424::webapp_internal::send_action|10482:: Trying to send action
2025-07-24 10:33:13,954-DEBUG-root-20424::base::click|189:: Click Type: ClickType.JS
2025-07-24 10:33:15,019-DEBUG-root-20424::webapp_internal::send_action|10523:: send_action method result = True
2025-07-24 10:33:15,019-DEBUG-root-20424::webapp_internal::send_action|10524:: send_action selenium status: False
2025-07-24 10:33:15,463-DEBUG-root-20424::webapp_internal::get_web_value|3193:: Current value: 99
2025-07-24 10:33:15,463-INFO-root-20424::webapp_internal::filling_date|867:: Filling Date: "24/07/2025"
2025-07-24 10:33:15,463-DEBUG-root-20424::webapp_internal::wait_blocker|2399:: Waiting blocker to continue...
2025-07-24 10:33:15,537-DEBUG-root-20424::webapp_internal::wait_blocker|2424:: Blocker status: False
2025-07-24 10:33:15,543-DEBUG-root-20424::base::click|189:: Click Type: ClickType.JS
2025-07-24 10:33:15,565-DEBUG-root-20424::webapp_internal::try_send_keys|8005:: Trying to send keys to element using technique 1
2025-07-24 10:33:15,922-DEBUG-root-20424::webapp_internal::get_web_value|3193:: Current value: 24/07/2025
2025-07-24 10:33:16,981-INFO-root-20424::webapp_internal::filling_group|920:: Filling Group: "99"
2025-07-24 10:33:16,981-DEBUG-root-20424::webapp_internal::wait_blocker|2399:: Waiting blocker to continue...
2025-07-24 10:33:17,059-DEBUG-root-20424::webapp_internal::wait_blocker|2424:: Blocker status: False
2025-07-24 10:33:17,063-DEBUG-root-20424::base::click|189:: Click Type: ClickType.JS
2025-07-24 10:33:17,466-DEBUG-root-20424::webapp_internal::get_web_value|3193:: Current value: 99
2025-07-24 10:33:18,541-INFO-root-20424::webapp_internal::filling_branch|1011:: Filling Branch: "01"
2025-07-24 10:33:18,541-DEBUG-root-20424::webapp_internal::wait_blocker|2399:: Waiting blocker to continue...
2025-07-24 10:33:18,672-DEBUG-root-20424::webapp_internal::wait_blocker|2424:: Blocker status: False
2025-07-24 10:33:18,674-DEBUG-root-20424::base::click|189:: Click Type: ClickType.JS
2025-07-24 10:33:19,026-DEBUG-root-20424::webapp_internal::get_web_value|3193:: Current value: 01
2025-07-24 10:33:20,210-INFO-root-20424::webapp_internal::environment_screen|798:: Clicking on Button
2025-07-24 10:33:20,210-DEBUG-root-20424::webapp_internal::wait_blocker|2399:: Waiting blocker to continue...
2025-07-24 10:33:20,296-DEBUG-root-20424::webapp_internal::wait_blocker|2424:: Blocker status: False
2025-07-24 10:33:20,299-DEBUG-root-20424::base::click|189:: Click Type: ClickType.JS
2025-07-24 10:33:22,719-DEBUG-root-20424::webapp_internal::close_screen_before_menu|370:: Closing screen before the menu
2025-07-24 10:33:22,845-DEBUG-root-20424::webapp_internal::close_warning_screen|1449:: Closing warning screen!
2025-07-24 10:33:24,118-DEBUG-root-20424::webapp_internal::check_screen_element|1255:: Checking screen element: "Atenção": False
2025-07-24 10:33:24,118-DEBUG-root-20424::webapp_internal::close_coin_screen|1385:: Closing coin screen!
2025-07-24 10:33:24,736-DEBUG-root-20424::base::click|189:: Click Type: ClickType.JS
2025-07-24 10:33:24,852-DEBUG-root-20424::webapp_internal::close_warning_screen|1449:: Closing warning screen!
2025-07-24 10:33:25,940-DEBUG-root-20424::webapp_internal::check_screen_element|1255:: Checking screen element: "Atenção": False
2025-07-24 10:33:25,940-DEBUG-root-20424::webapp_internal::close_coin_screen|1385:: Closing coin screen!
2025-07-24 10:33:26,154-DEBUG-root-20424::webapp_internal::check_screen_element|1255:: Checking screen element: "Moedas": True
2025-07-24 10:33:26,154-INFO-root-20424::webapp_internal::SetButton|4404:: Clicking on Confirmar
2025-07-24 10:33:26,154-DEBUG-root-20424::webapp_internal::wait_blocker|2399:: Waiting blocker to continue...
2025-07-24 10:33:26,256-DEBUG-root-20424::webapp_internal::wait_blocker|2424:: Blocker status: False
2025-07-24 10:33:26,557-DEBUG-root-20424::webapp_internal::wait_element_timeout|7755:: Element found! Waiting for element to be displayed.
2025-07-24 10:33:26,674-DEBUG-root-20424::webapp_internal::SetButton|4441:: ***System Info*** Before Clicking on button:Confirmar
2025-07-24 10:33:26,674-DEBUG-root-20424::psutil_info::system_info|5:: CPU USAGE: 38.9%
2025-07-24 10:33:26,680-DEBUG-root-20424::psutil_info::system_info|6:: MEMORY USAGE: 86.6%
2025-07-24 10:33:26,688-DEBUG-root-20424::psutil_info::system_info|7:: MEMORY AVAILABLE: 13.45%
2025-07-24 10:33:26,901-DEBUG-root-20424::webapp_internal::wait_element_timeout|7755:: Element found! Waiting for element to be displayed.
2025-07-24 10:33:27,080-DEBUG-root-20424::webapp_internal::wait_blocker|2399:: Waiting blocker to continue...
2025-07-24 10:33:27,167-DEBUG-root-20424::webapp_internal::wait_blocker|2424:: Blocker status: False
2025-07-24 10:33:27,167-DEBUG-root-20424::webapp_internal::send_action|10482:: Trying to send action
2025-07-24 10:33:27,170-DEBUG-root-20424::base::click|189:: Click Type: ClickType.JS
2025-07-24 10:33:28,219-DEBUG-root-20424::webapp_internal::send_action|10523:: send_action method result = True
2025-07-24 10:33:28,220-DEBUG-root-20424::webapp_internal::send_action|10524:: send_action selenium status: False
2025-07-24 10:33:28,220-DEBUG-root-20424::webapp_internal::SetButton|4643:: ***System Info*** After Clicking on button:
2025-07-24 10:33:28,220-DEBUG-root-20424::psutil_info::system_info|5:: CPU USAGE: 29.1%
2025-07-24 10:33:28,228-DEBUG-root-20424::psutil_info::system_info|6:: MEMORY USAGE: 87.3%
2025-07-24 10:33:28,241-DEBUG-root-20424::psutil_info::system_info|7:: MEMORY AVAILABLE: 12.66%
2025-07-24 10:33:28,646-INFO-root-20424::webapp_internal::set_log_info|1582:: Getting log info
2025-07-24 10:33:28,646-INFO-root-20424::webapp_internal::SetLateralMenu|4144:: Navigating lateral menu: Ajuda > Sobre
2025-07-24 10:33:28,668-DEBUG-root-20424::webapp_internal::wait_element|7652:: Waiting for element
2025-07-24 10:33:28,739-DEBUG-root-20424::webapp_internal::wait_element|7682:: Element found! Waiting for element to be displayed.
2025-07-24 10:33:28,969-INFO-root-20424::webapp_internal::SetLateralMenu|4163:: Menu item: "Ajuda"
2025-07-24 10:33:28,969-DEBUG-root-20424::webapp_internal::wait_blocker|2399:: Waiting blocker to continue...
2025-07-24 10:33:29,070-DEBUG-root-20424::webapp_internal::wait_blocker|2424:: Blocker status: False
2025-07-24 10:33:29,646-DEBUG-root-20424::webapp_internal::wait_element_timeout|7755:: Element found! Waiting for element to be displayed.
2025-07-24 10:33:30,228-DEBUG-root-20424::webapp_internal::wait_blocker|2399:: Waiting blocker to continue...
2025-07-24 10:33:30,691-DEBUG-root-20424::webapp_internal::wait_blocker|2424:: Blocker status: False
2025-07-24 10:33:33,012-INFO-root-20424::webapp_internal::SetLateralMenu|4163:: Menu item: "Sobre"
2025-07-24 10:33:33,012-DEBUG-root-20424::webapp_internal::wait_blocker|2399:: Waiting blocker to continue...
2025-07-24 10:33:33,111-DEBUG-root-20424::webapp_internal::wait_blocker|2424:: Blocker status: False
2025-07-24 10:33:33,746-DEBUG-root-20424::webapp_internal::wait_element_timeout|7755:: Element found! Waiting for element to be displayed.
2025-07-24 10:33:34,327-DEBUG-root-20424::webapp_internal::wait_blocker|2399:: Waiting blocker to continue...
2025-07-24 10:33:34,432-DEBUG-root-20424::webapp_internal::wait_blocker|2424:: Blocker status: False
2025-07-24 10:33:37,387-DEBUG-root-20424::webapp_internal::wait_blocker|2399:: Waiting blocker to continue...
2025-07-24 10:33:37,514-DEBUG-root-20424::webapp_internal::wait_blocker|2424:: Blocker status: False
2025-07-24 10:33:37,651-DEBUG-root-20424::webapp_internal::wait_element|7652:: Waiting for element
2025-07-24 10:33:37,729-DEBUG-root-20424::webapp_internal::wait_element|7682:: Element found! Waiting for element to be displayed.
2025-07-24 10:33:37,962-INFO-root-20424::webapp_internal::SetButton|4404:: Clicking on Fechar
2025-07-24 10:33:37,962-DEBUG-root-20424::webapp_internal::wait_blocker|2399:: Waiting blocker to continue...
2025-07-24 10:33:38,083-DEBUG-root-20424::webapp_internal::wait_blocker|2424:: Blocker status: False
2025-07-24 10:33:38,352-DEBUG-root-20424::webapp_internal::wait_element_timeout|7755:: Element found! Waiting for element to be displayed.
2025-07-24 10:33:38,462-DEBUG-root-20424::webapp_internal::SetButton|4441:: ***System Info*** Before Clicking on button:Fechar
2025-07-24 10:33:38,462-DEBUG-root-20424::psutil_info::system_info|5:: CPU USAGE: 26.3%
2025-07-24 10:33:38,473-DEBUG-root-20424::psutil_info::system_info|6:: MEMORY USAGE: 86.6%
2025-07-24 10:33:38,498-DEBUG-root-20424::psutil_info::system_info|7:: MEMORY AVAILABLE: 13.36%
2025-07-24 10:33:38,728-DEBUG-root-20424::webapp_internal::wait_element_timeout|7755:: Element found! Waiting for element to be displayed.
2025-07-24 10:33:38,924-DEBUG-root-20424::webapp_internal::wait_blocker|2399:: Waiting blocker to continue...
2025-07-24 10:33:39,071-DEBUG-root-20424::webapp_internal::wait_blocker|2424:: Blocker status: False
2025-07-24 10:33:39,071-DEBUG-root-20424::webapp_internal::send_action|10482:: Trying to send action
2025-07-24 10:33:39,075-DEBUG-root-20424::base::click|189:: Click Type: ClickType.JS
2025-07-24 10:33:40,135-DEBUG-root-20424::webapp_internal::send_action|10523:: send_action method result = True
2025-07-24 10:33:40,135-DEBUG-root-20424::webapp_internal::send_action|10524:: send_action selenium status: False
2025-07-24 10:33:40,135-DEBUG-root-20424::webapp_internal::SetButton|4643:: ***System Info*** After Clicking on button:
2025-07-24 10:33:40,136-DEBUG-root-20424::psutil_info::system_info|5:: CPU USAGE: 21.1%
2025-07-24 10:33:40,142-DEBUG-root-20424::psutil_info::system_info|6:: MEMORY USAGE: 87.3%
2025-07-24 10:33:40,154-DEBUG-root-20424::psutil_info::system_info|7:: MEMORY AVAILABLE: 12.66%
2025-07-24 10:33:40,154-DEBUG-root-20424::webapp_internal::wait_element|7652:: Waiting for element
2025-07-24 10:33:40,221-INFO-root-20424::webapp_internal::set_program|1750:: Setting program: AFAT001
2025-07-24 10:33:40,248-DEBUG-root-20424::webapp_internal::wait_element|7652:: Waiting for element
2025-07-24 10:33:40,318-DEBUG-root-20424::webapp_internal::wait_element|7682:: Element found! Waiting for element to be displayed.
2025-07-24 10:33:40,565-DEBUG-root-20424::base::double_click|256:: Click Type: ClickType.SELENIUM
2025-07-24 10:33:41,072-DEBUG-root-20424::webapp_internal::get_web_value|3193:: Current value: AFAT001
2025-07-24 10:33:41,150-DEBUG-root-20424::webapp_internal::wait_blocker|2399:: Waiting blocker to continue...
2025-07-24 10:33:41,266-DEBUG-root-20424::webapp_internal::wait_blocker|2424:: Blocker status: False
2025-07-24 10:33:41,266-DEBUG-root-20424::webapp_internal::send_action|10482:: Trying to send action
2025-07-24 10:33:41,274-DEBUG-root-20424::base::click|189:: Click Type: ClickType.JS
2025-07-24 10:33:42,364-DEBUG-root-20424::webapp_internal::send_action|10523:: send_action method result = True
2025-07-24 10:33:42,365-DEBUG-root-20424::webapp_internal::send_action|10524:: send_action selenium status: False
2025-07-24 10:33:42,365-DEBUG-root-20424::webapp_internal::wait_element_is_not_displayed|7586:: Waiting for element to disappear
2025-07-24 10:33:42,375-DEBUG-root-20424::webapp_internal::close_news_screen|1509:: Closing news screen!
2025-07-24 10:33:42,406-INFO-root-20424::webapp_internal::SetButton|4404:: Clicking on Incluir
2025-07-24 10:33:42,406-DEBUG-root-20424::webapp_internal::wait_blocker|2399:: Waiting blocker to continue...
2025-07-24 10:33:42,432-DEBUG-root-20424::webapp_internal::wait_blocker|2424:: Blocker status: None
2025-07-24 10:33:43,460-DEBUG-root-20424::webapp_internal::wait_element_timeout|7755:: Element found! Waiting for element to be displayed.
2025-07-24 10:33:43,885-DEBUG-root-20424::webapp_internal::SetButton|4441:: ***System Info*** Before Clicking on button:Incluir
2025-07-24 10:33:43,885-DEBUG-root-20424::psutil_info::system_info|5:: CPU USAGE: 35.2%
2025-07-24 10:33:43,893-DEBUG-root-20424::psutil_info::system_info|6:: MEMORY USAGE: 88.3%
2025-07-24 10:33:43,905-DEBUG-root-20424::psutil_info::system_info|7:: MEMORY AVAILABLE: 11.67%
2025-07-24 10:33:44,351-DEBUG-root-20424::webapp_internal::wait_element_timeout|7755:: Element found! Waiting for element to be displayed.
2025-07-24 10:33:44,872-DEBUG-root-20424::webapp_internal::wait_blocker|2399:: Waiting blocker to continue...
2025-07-24 10:33:44,988-DEBUG-root-20424::webapp_internal::wait_blocker|2424:: Blocker status: False
2025-07-24 10:33:44,988-DEBUG-root-20424::webapp_internal::send_action|10482:: Trying to send action
2025-07-24 10:33:44,991-DEBUG-root-20424::base::click|189:: Click Type: ClickType.JS
2025-07-24 10:33:46,047-DEBUG-root-20424::webapp_internal::send_action|10523:: send_action method result = True
2025-07-24 10:33:46,048-DEBUG-root-20424::webapp_internal::send_action|10524:: send_action selenium status: False
2025-07-24 10:33:46,048-DEBUG-root-20424::webapp_internal::SetButton|4643:: ***System Info*** After Clicking on button:
2025-07-24 10:33:46,048-DEBUG-root-20424::psutil_info::system_info|5:: CPU USAGE: 31.9%
2025-07-24 10:33:46,054-DEBUG-root-20424::psutil_info::system_info|6:: MEMORY USAGE: 89.1%
2025-07-24 10:33:46,064-DEBUG-root-20424::psutil_info::system_info|7:: MEMORY AVAILABLE: 10.89%
2025-07-24 10:33:46,064-DEBUG-root-20424::webapp_internal::wait_blocker|2399:: Waiting blocker to continue...
2025-07-24 10:33:46,182-DEBUG-root-20424::webapp_internal::wait_blocker|2424:: Blocker status: False
2025-07-24 10:33:46,183-DEBUG-root-20424::webapp_internal::wait_element|7652:: Waiting for element
2025-07-24 10:33:46,258-DEBUG-root-20424::webapp_internal::wait_element|7682:: Element found! Waiting for element to be displayed.
2025-07-24 10:33:46,315-INFO-root-20424::webapp_internal::input_value|2894:: Looking for element: Z01_DESC
2025-07-24 10:33:46,424-INFO-root-20424::webapp_internal::input_value|2904:: Element: Z01_DESC Found!
2025-07-24 10:33:46,424-INFO-root-20424::webapp_internal::input_value|2906:: Filling element: Z01_DESC
2025-07-24 10:33:46,457-DEBUG-root-20424::webapp_internal::get_web_value|3193:: Current value:                                                                                                                                                                                                         
2025-07-24 10:33:46,495-DEBUG-root-20424::base::double_click|256:: Click Type: ClickType.SELENIUM
2025-07-24 10:33:46,780-DEBUG-root-20424::webapp_internal::wait_blocker|2399:: Waiting blocker to continue...
2025-07-24 10:33:46,921-DEBUG-root-20424::webapp_internal::wait_blocker|2424:: Blocker status: False
2025-07-24 10:33:47,247-DEBUG-root-20424::webapp_internal::get_web_value|3193:: Current value: TESTE MULHER INCRIVEL                                                                                                                                                                                   
2025-07-24 10:33:47,247-INFO-root-20424::webapp_internal::input_value|3020:: Current field value: TESTE MULHER INCRIVEL
2025-07-24 10:33:47,275-DEBUG-root-20424::webapp_internal::wait_blocker|2399:: Waiting blocker to continue...
2025-07-24 10:33:47,309-DEBUG-root-20424::webapp_internal::wait_blocker|2424:: Blocker status: None
2025-07-24 10:33:47,309-DEBUG-root-20424::webapp_internal::wait_element|7652:: Waiting for element
2025-07-24 10:33:47,388-DEBUG-root-20424::webapp_internal::wait_element|7682:: Element found! Waiting for element to be displayed.
2025-07-24 10:33:47,451-INFO-root-20424::webapp_internal::input_value|2894:: Looking for element: Z01_TIPO
2025-07-24 10:33:47,556-INFO-root-20424::webapp_internal::input_value|2904:: Element: Z01_TIPO Found!
2025-07-24 10:33:47,556-INFO-root-20424::webapp_internal::input_value|2906:: Filling element: Z01_TIPO
2025-07-24 10:33:48,878-INFO-root-20424::base::select_combo|862:: Selected value for combo is: 1 - Próprio
2025-07-24 10:33:48,934-INFO-root-20424::webapp_internal::SetButton|4404:: Clicking on Confirma
2025-07-24 10:33:48,934-DEBUG-root-20424::webapp_internal::wait_blocker|2399:: Waiting blocker to continue...
2025-07-24 10:33:49,054-DEBUG-root-20424::webapp_internal::wait_blocker|2424:: Blocker status: False
2025-07-24 10:33:49,360-DEBUG-root-20424::webapp_internal::wait_element_timeout|7755:: Element found! Waiting for element to be displayed.
2025-07-24 10:33:49,534-DEBUG-root-20424::webapp_internal::SetButton|4441:: ***System Info*** Before Clicking on button:Confirma
2025-07-24 10:33:49,534-DEBUG-root-20424::psutil_info::system_info|5:: CPU USAGE: 19.6%
2025-07-24 10:33:49,539-DEBUG-root-20424::psutil_info::system_info|6:: MEMORY USAGE: 89.5%
2025-07-24 10:33:49,551-DEBUG-root-20424::psutil_info::system_info|7:: MEMORY AVAILABLE: 10.51%
2025-07-24 10:33:49,862-DEBUG-root-20424::webapp_internal::wait_element_timeout|7755:: Element found! Waiting for element to be displayed.
2025-07-24 10:33:50,171-DEBUG-root-20424::webapp_internal::wait_blocker|2399:: Waiting blocker to continue...
2025-07-24 10:33:50,309-DEBUG-root-20424::webapp_internal::wait_blocker|2424:: Blocker status: False
2025-07-24 10:33:50,309-DEBUG-root-20424::webapp_internal::send_action|10482:: Trying to send action
2025-07-24 10:33:50,312-DEBUG-root-20424::base::click|189:: Click Type: ClickType.JS
2025-07-24 10:33:51,376-DEBUG-root-20424::webapp_internal::send_action|10523:: send_action method result = True
2025-07-24 10:33:51,377-DEBUG-root-20424::webapp_internal::send_action|10524:: send_action selenium status: False
2025-07-24 10:33:51,378-DEBUG-root-20424::webapp_internal::SetButton|4643:: ***System Info*** After Clicking on button:
2025-07-24 10:33:51,378-DEBUG-root-20424::psutil_info::system_info|5:: CPU USAGE: 31.5%
2025-07-24 10:33:51,384-DEBUG-root-20424::psutil_info::system_info|6:: MEMORY USAGE: 88.6%
2025-07-24 10:33:51,395-DEBUG-root-20424::psutil_info::system_info|7:: MEMORY AVAILABLE: 11.42%
2025-07-24 10:32:44,104-DEBUG-root-20424::logging_config::logger|188:: Log file created: 'Log\LAFEL-NOTE-001\TIR__20250724103244081.log'
2025-07-24 10:32:44,105-INFO-root-20424::base::Start|1175:: TIR Version: 1.20.30
2025-07-24 10:32:44,105-INFO-root-20424::base::Start|1176:: Starting the browser
2025-07-24 10:32:51,119-INFO-root-20424::base::get_url|1279:: Loading took too much time! num_of_trying: 2
2025-07-24 10:32:52,540-INFO-root-20424::base::get_url|1279:: Loading took too much time! num_of_trying: 3
2025-07-24 10:32:53,584-INFO-root-20424::base::get_url|1279:: Loading took too much time! num_of_trying: 4
2025-07-24 10:32:54,265-INFO-root-20424::base::get_url|1279:: Loading took too much time! num_of_trying: 5
2025-07-24 10:32:55,688-INFO-root-20424::base::get_url|1279:: Loading took too much time! num_of_trying: 6
2025-07-24 10:32:57,347-INFO-root-20424::base::Start|1242:: Browser maximized to 1936x1048
2025-07-24 10:32:57,347-INFO-root-20424::base::Start|1244:: Screen size is different from default used in headless mode
2025-07-24 10:33:01,831-INFO-root-20424::webapp_internal::Setup|240:: ***System Info*** in Setup():
2025-07-24 10:33:01,833-DEBUG-root-20424::psutil_info::system_info|5:: CPU USAGE: 50.2%
2025-07-24 10:33:01,849-DEBUG-root-20424::psutil_info::system_info|6:: MEMORY USAGE: 87.2%
2025-07-24 10:33:01,890-DEBUG-root-20424::psutil_info::system_info|7:: MEMORY AVAILABLE: 12.76%
2025-07-24 10:33:01,995-INFO-root-20424::base::webapp_shadowroot|1374:: Webapp: 10.0.4
2025-07-24 10:33:01,997-INFO-root-20424::webapp_internal::filling_initial_program|437:: Filling Initial Program: "SIGAFAT"
2025-07-24 10:33:01,997-DEBUG-root-20424::webapp_internal::wait_element|7652:: Waiting for element
2025-07-24 10:33:02,122-DEBUG-root-20424::webapp_internal::wait_element|7682:: Element found! Waiting for element to be displayed.
2025-07-24 10:33:02,388-DEBUG-root-20424::base::click|189:: Click Type: ClickType.JS
2025-07-24 10:33:02,406-DEBUG-root-20424::webapp_internal::try_send_keys|8005:: Trying to send keys to element using technique 0
2025-07-24 10:33:02,953-DEBUG-root-20424::webapp_internal::get_web_value|3193:: Current value: SIGAFAT
2025-07-24 10:33:02,954-INFO-root-20424::webapp_internal::filling_server_environment|451:: Filling Server Environment: "P12012410"
2025-07-24 10:33:02,954-DEBUG-root-20424::webapp_internal::wait_element|7652:: Waiting for element
2025-07-24 10:33:03,025-DEBUG-root-20424::webapp_internal::wait_element|7682:: Element found! Waiting for element to be displayed.
2025-07-24 10:33:03,214-DEBUG-root-20424::base::click|189:: Click Type: ClickType.JS
2025-07-24 10:33:03,221-DEBUG-root-20424::webapp_internal::try_send_keys|8005:: Trying to send keys to element using technique 0
2025-07-24 10:33:04,932-DEBUG-root-20424::webapp_internal::get_web_value|3193:: Current value: P12012410
2025-07-24 10:33:04,963-DEBUG-root-20424::base::click|189:: Click Type: ClickType.JS
2025-07-24 10:33:04,980-DEBUG-root-20424::webapp_internal::user_screen|507:: Filling user screen
2025-07-24 10:33:11,488-DEBUG-root-20424::webapp_internal::wait_element_timeout|7755:: Element found! Waiting for element to be displayed.
2025-07-24 10:33:12,815-INFO-root-20424::webapp_internal::user_screen|549:: Filling User
2025-07-24 10:33:12,838-DEBUG-root-20424::base::double_click|256:: Click Type: ClickType.SELENIUM
2025-07-24 10:33:13,371-DEBUG-root-20424::webapp_internal::get_web_value|3193:: Current value: admin                                                                                                                                                 
2025-07-24 10:33:13,388-INFO-root-20424::webapp_internal::user_screen|609:: Filling Password
2025-07-24 10:33:13,412-DEBUG-root-20424::base::click|189:: Click Type: ClickType.JS
2025-07-24 10:33:13,765-DEBUG-root-20424::webapp_internal::get_web_value|3193:: Current value: Tst2024                  
2025-07-24 10:33:13,765-DEBUG-root-20424::webapp_internal::wait_blocker|2399:: Waiting blocker to continue...
2025-07-24 10:33:13,834-DEBUG-root-20424::webapp_internal::wait_blocker|2424:: Blocker status: False
2025-07-24 10:33:13,869-DEBUG-root-20424::webapp_internal::wait_blocker|2399:: Waiting blocker to continue...
2025-07-24 10:33:13,949-DEBUG-root-20424::webapp_internal::wait_blocker|2424:: Blocker status: False
2025-07-24 10:33:13,949-DEBUG-root-20424::webapp_internal::send_action|10482:: Trying to send action
2025-07-24 10:33:13,954-DEBUG-root-20424::base::click|189:: Click Type: ClickType.JS
2025-07-24 10:33:15,019-DEBUG-root-20424::webapp_internal::send_action|10523:: send_action method result = True
2025-07-24 10:33:15,019-DEBUG-root-20424::webapp_internal::send_action|10524:: send_action selenium status: False
2025-07-24 10:33:15,463-DEBUG-root-20424::webapp_internal::get_web_value|3193:: Current value: 99
2025-07-24 10:33:15,463-INFO-root-20424::webapp_internal::filling_date|867:: Filling Date: "24/07/2025"
2025-07-24 10:33:15,463-DEBUG-root-20424::webapp_internal::wait_blocker|2399:: Waiting blocker to continue...
2025-07-24 10:33:15,537-DEBUG-root-20424::webapp_internal::wait_blocker|2424:: Blocker status: False
2025-07-24 10:33:15,543-DEBUG-root-20424::base::click|189:: Click Type: ClickType.JS
2025-07-24 10:33:15,565-DEBUG-root-20424::webapp_internal::try_send_keys|8005:: Trying to send keys to element using technique 1
2025-07-24 10:33:15,922-DEBUG-root-20424::webapp_internal::get_web_value|3193:: Current value: 24/07/2025
2025-07-24 10:33:16,981-INFO-root-20424::webapp_internal::filling_group|920:: Filling Group: "99"
2025-07-24 10:33:16,981-DEBUG-root-20424::webapp_internal::wait_blocker|2399:: Waiting blocker to continue...
2025-07-24 10:33:17,059-DEBUG-root-20424::webapp_internal::wait_blocker|2424:: Blocker status: False
2025-07-24 10:33:17,063-DEBUG-root-20424::base::click|189:: Click Type: ClickType.JS
2025-07-24 10:33:17,466-DEBUG-root-20424::webapp_internal::get_web_value|3193:: Current value: 99
2025-07-24 10:33:18,541-INFO-root-20424::webapp_internal::filling_branch|1011:: Filling Branch: "01"
2025-07-24 10:33:18,541-DEBUG-root-20424::webapp_internal::wait_blocker|2399:: Waiting blocker to continue...
2025-07-24 10:33:18,672-DEBUG-root-20424::webapp_internal::wait_blocker|2424:: Blocker status: False
2025-07-24 10:33:18,674-DEBUG-root-20424::base::click|189:: Click Type: ClickType.JS
2025-07-24 10:33:19,026-DEBUG-root-20424::webapp_internal::get_web_value|3193:: Current value: 01
2025-07-24 10:33:20,210-INFO-root-20424::webapp_internal::environment_screen|798:: Clicking on Button
2025-07-24 10:33:20,210-DEBUG-root-20424::webapp_internal::wait_blocker|2399:: Waiting blocker to continue...
2025-07-24 10:33:20,296-DEBUG-root-20424::webapp_internal::wait_blocker|2424:: Blocker status: False
2025-07-24 10:33:20,299-DEBUG-root-20424::base::click|189:: Click Type: ClickType.JS
2025-07-24 10:33:22,719-DEBUG-root-20424::webapp_internal::close_screen_before_menu|370:: Closing screen before the menu
2025-07-24 10:33:22,845-DEBUG-root-20424::webapp_internal::close_warning_screen|1449:: Closing warning screen!
2025-07-24 10:33:24,118-DEBUG-root-20424::webapp_internal::check_screen_element|1255:: Checking screen element: "Atenção": False
2025-07-24 10:33:24,118-DEBUG-root-20424::webapp_internal::close_coin_screen|1385:: Closing coin screen!
2025-07-24 10:33:24,736-DEBUG-root-20424::base::click|189:: Click Type: ClickType.JS
2025-07-24 10:33:24,852-DEBUG-root-20424::webapp_internal::close_warning_screen|1449:: Closing warning screen!
2025-07-24 10:33:25,940-DEBUG-root-20424::webapp_internal::check_screen_element|1255:: Checking screen element: "Atenção": False
2025-07-24 10:33:25,940-DEBUG-root-20424::webapp_internal::close_coin_screen|1385:: Closing coin screen!
2025-07-24 10:33:26,154-DEBUG-root-20424::webapp_internal::check_screen_element|1255:: Checking screen element: "Moedas": True
2025-07-24 10:33:26,154-INFO-root-20424::webapp_internal::SetButton|4404:: Clicking on Confirmar
2025-07-24 10:33:26,154-DEBUG-root-20424::webapp_internal::wait_blocker|2399:: Waiting blocker to continue...
2025-07-24 10:33:26,256-DEBUG-root-20424::webapp_internal::wait_blocker|2424:: Blocker status: False
2025-07-24 10:33:26,557-DEBUG-root-20424::webapp_internal::wait_element_timeout|7755:: Element found! Waiting for element to be displayed.
2025-07-24 10:33:26,674-DEBUG-root-20424::webapp_internal::SetButton|4441:: ***System Info*** Before Clicking on button:Confirmar
2025-07-24 10:33:26,674-DEBUG-root-20424::psutil_info::system_info|5:: CPU USAGE: 38.9%
2025-07-24 10:33:26,680-DEBUG-root-20424::psutil_info::system_info|6:: MEMORY USAGE: 86.6%
2025-07-24 10:33:26,688-DEBUG-root-20424::psutil_info::system_info|7:: MEMORY AVAILABLE: 13.45%
2025-07-24 10:33:26,901-DEBUG-root-20424::webapp_internal::wait_element_timeout|7755:: Element found! Waiting for element to be displayed.
2025-07-24 10:33:27,080-DEBUG-root-20424::webapp_internal::wait_blocker|2399:: Waiting blocker to continue...
2025-07-24 10:33:27,167-DEBUG-root-20424::webapp_internal::wait_blocker|2424:: Blocker status: False
2025-07-24 10:33:27,167-DEBUG-root-20424::webapp_internal::send_action|10482:: Trying to send action
2025-07-24 10:33:27,170-DEBUG-root-20424::base::click|189:: Click Type: ClickType.JS
2025-07-24 10:33:28,219-DEBUG-root-20424::webapp_internal::send_action|10523:: send_action method result = True
2025-07-24 10:33:28,220-DEBUG-root-20424::webapp_internal::send_action|10524:: send_action selenium status: False
2025-07-24 10:33:28,220-DEBUG-root-20424::webapp_internal::SetButton|4643:: ***System Info*** After Clicking on button:
2025-07-24 10:33:28,220-DEBUG-root-20424::psutil_info::system_info|5:: CPU USAGE: 29.1%
2025-07-24 10:33:28,228-DEBUG-root-20424::psutil_info::system_info|6:: MEMORY USAGE: 87.3%
2025-07-24 10:33:28,241-DEBUG-root-20424::psutil_info::system_info|7:: MEMORY AVAILABLE: 12.66%
2025-07-24 10:33:28,646-INFO-root-20424::webapp_internal::set_log_info|1582:: Getting log info
2025-07-24 10:33:28,646-INFO-root-20424::webapp_internal::SetLateralMenu|4144:: Navigating lateral menu: Ajuda > Sobre
2025-07-24 10:33:28,668-DEBUG-root-20424::webapp_internal::wait_element|7652:: Waiting for element
2025-07-24 10:33:28,739-DEBUG-root-20424::webapp_internal::wait_element|7682:: Element found! Waiting for element to be displayed.
2025-07-24 10:33:28,969-INFO-root-20424::webapp_internal::SetLateralMenu|4163:: Menu item: "Ajuda"
2025-07-24 10:33:28,969-DEBUG-root-20424::webapp_internal::wait_blocker|2399:: Waiting blocker to continue...
2025-07-24 10:33:29,070-DEBUG-root-20424::webapp_internal::wait_blocker|2424:: Blocker status: False
2025-07-24 10:33:29,646-DEBUG-root-20424::webapp_internal::wait_element_timeout|7755:: Element found! Waiting for element to be displayed.
2025-07-24 10:33:30,228-DEBUG-root-20424::webapp_internal::wait_blocker|2399:: Waiting blocker to continue...
2025-07-24 10:33:30,691-DEBUG-root-20424::webapp_internal::wait_blocker|2424:: Blocker status: False
2025-07-24 10:33:33,012-INFO-root-20424::webapp_internal::SetLateralMenu|4163:: Menu item: "Sobre"
2025-07-24 10:33:33,012-DEBUG-root-20424::webapp_internal::wait_blocker|2399:: Waiting blocker to continue...
2025-07-24 10:33:33,111-DEBUG-root-20424::webapp_internal::wait_blocker|2424:: Blocker status: False
2025-07-24 10:33:33,746-DEBUG-root-20424::webapp_internal::wait_element_timeout|7755:: Element found! Waiting for element to be displayed.
2025-07-24 10:33:34,327-DEBUG-root-20424::webapp_internal::wait_blocker|2399:: Waiting blocker to continue...
2025-07-24 10:33:34,432-DEBUG-root-20424::webapp_internal::wait_blocker|2424:: Blocker status: False
2025-07-24 10:33:37,387-DEBUG-root-20424::webapp_internal::wait_blocker|2399:: Waiting blocker to continue...
2025-07-24 10:33:37,514-DEBUG-root-20424::webapp_internal::wait_blocker|2424:: Blocker status: False
2025-07-24 10:33:37,651-DEBUG-root-20424::webapp_internal::wait_element|7652:: Waiting for element
2025-07-24 10:33:37,729-DEBUG-root-20424::webapp_internal::wait_element|7682:: Element found! Waiting for element to be displayed.
2025-07-24 10:33:37,962-INFO-root-20424::webapp_internal::SetButton|4404:: Clicking on Fechar
2025-07-24 10:33:37,962-DEBUG-root-20424::webapp_internal::wait_blocker|2399:: Waiting blocker to continue...
2025-07-24 10:33:38,083-DEBUG-root-20424::webapp_internal::wait_blocker|2424:: Blocker status: False
2025-07-24 10:33:38,352-DEBUG-root-20424::webapp_internal::wait_element_timeout|7755:: Element found! Waiting for element to be displayed.
2025-07-24 10:33:38,462-DEBUG-root-20424::webapp_internal::SetButton|4441:: ***System Info*** Before Clicking on button:Fechar
2025-07-24 10:33:38,462-DEBUG-root-20424::psutil_info::system_info|5:: CPU USAGE: 26.3%
2025-07-24 10:33:38,473-DEBUG-root-20424::psutil_info::system_info|6:: MEMORY USAGE: 86.6%
2025-07-24 10:33:38,498-DEBUG-root-20424::psutil_info::system_info|7:: MEMORY AVAILABLE: 13.36%
2025-07-24 10:33:38,728-DEBUG-root-20424::webapp_internal::wait_element_timeout|7755:: Element found! Waiting for element to be displayed.
2025-07-24 10:33:38,924-DEBUG-root-20424::webapp_internal::wait_blocker|2399:: Waiting blocker to continue...
2025-07-24 10:33:39,071-DEBUG-root-20424::webapp_internal::wait_blocker|2424:: Blocker status: False
2025-07-24 10:33:39,071-DEBUG-root-20424::webapp_internal::send_action|10482:: Trying to send action
2025-07-24 10:33:39,075-DEBUG-root-20424::base::click|189:: Click Type: ClickType.JS
2025-07-24 10:33:40,135-DEBUG-root-20424::webapp_internal::send_action|10523:: send_action method result = True
2025-07-24 10:33:40,135-DEBUG-root-20424::webapp_internal::send_action|10524:: send_action selenium status: False
2025-07-24 10:33:40,135-DEBUG-root-20424::webapp_internal::SetButton|4643:: ***System Info*** After Clicking on button:
2025-07-24 10:33:40,136-DEBUG-root-20424::psutil_info::system_info|5:: CPU USAGE: 21.1%
2025-07-24 10:33:40,142-DEBUG-root-20424::psutil_info::system_info|6:: MEMORY USAGE: 87.3%
2025-07-24 10:33:40,154-DEBUG-root-20424::psutil_info::system_info|7:: MEMORY AVAILABLE: 12.66%
2025-07-24 10:33:40,154-DEBUG-root-20424::webapp_internal::wait_element|7652:: Waiting for element
2025-07-24 10:33:40,221-INFO-root-20424::webapp_internal::set_program|1750:: Setting program: AFAT001
2025-07-24 10:33:40,248-DEBUG-root-20424::webapp_internal::wait_element|7652:: Waiting for element
2025-07-24 10:33:40,318-DEBUG-root-20424::webapp_internal::wait_element|7682:: Element found! Waiting for element to be displayed.
2025-07-24 10:33:40,565-DEBUG-root-20424::base::double_click|256:: Click Type: ClickType.SELENIUM
2025-07-24 10:33:41,072-DEBUG-root-20424::webapp_internal::get_web_value|3193:: Current value: AFAT001
2025-07-24 10:33:41,150-DEBUG-root-20424::webapp_internal::wait_blocker|2399:: Waiting blocker to continue...
2025-07-24 10:33:41,266-DEBUG-root-20424::webapp_internal::wait_blocker|2424:: Blocker status: False
2025-07-24 10:33:41,266-DEBUG-root-20424::webapp_internal::send_action|10482:: Trying to send action
2025-07-24 10:33:41,274-DEBUG-root-20424::base::click|189:: Click Type: ClickType.JS
2025-07-24 10:33:42,364-DEBUG-root-20424::webapp_internal::send_action|10523:: send_action method result = True
2025-07-24 10:33:42,365-DEBUG-root-20424::webapp_internal::send_action|10524:: send_action selenium status: False
2025-07-24 10:33:42,365-DEBUG-root-20424::webapp_internal::wait_element_is_not_displayed|7586:: Waiting for element to disappear
2025-07-24 10:33:42,375-DEBUG-root-20424::webapp_internal::close_news_screen|1509:: Closing news screen!
2025-07-24 10:33:42,406-INFO-root-20424::webapp_internal::SetButton|4404:: Clicking on Incluir
2025-07-24 10:33:42,406-DEBUG-root-20424::webapp_internal::wait_blocker|2399:: Waiting blocker to continue...
2025-07-24 10:33:42,432-DEBUG-root-20424::webapp_internal::wait_blocker|2424:: Blocker status: None
2025-07-24 10:33:43,460-DEBUG-root-20424::webapp_internal::wait_element_timeout|7755:: Element found! Waiting for element to be displayed.
2025-07-24 10:33:43,885-DEBUG-root-20424::webapp_internal::SetButton|4441:: ***System Info*** Before Clicking on button:Incluir
2025-07-24 10:33:43,885-DEBUG-root-20424::psutil_info::system_info|5:: CPU USAGE: 35.2%
2025-07-24 10:33:43,893-DEBUG-root-20424::psutil_info::system_info|6:: MEMORY USAGE: 88.3%
2025-07-24 10:33:43,905-DEBUG-root-20424::psutil_info::system_info|7:: MEMORY AVAILABLE: 11.67%
2025-07-24 10:33:44,351-DEBUG-root-20424::webapp_internal::wait_element_timeout|7755:: Element found! Waiting for element to be displayed.
2025-07-24 10:33:44,872-DEBUG-root-20424::webapp_internal::wait_blocker|2399:: Waiting blocker to continue...
2025-07-24 10:33:44,988-DEBUG-root-20424::webapp_internal::wait_blocker|2424:: Blocker status: False
2025-07-24 10:33:44,988-DEBUG-root-20424::webapp_internal::send_action|10482:: Trying to send action
2025-07-24 10:33:44,991-DEBUG-root-20424::base::click|189:: Click Type: ClickType.JS
2025-07-24 10:33:46,047-DEBUG-root-20424::webapp_internal::send_action|10523:: send_action method result = True
2025-07-24 10:33:46,048-DEBUG-root-20424::webapp_internal::send_action|10524:: send_action selenium status: False
2025-07-24 10:33:46,048-DEBUG-root-20424::webapp_internal::SetButton|4643:: ***System Info*** After Clicking on button:
2025-07-24 10:33:46,048-DEBUG-root-20424::psutil_info::system_info|5:: CPU USAGE: 31.9%
2025-07-24 10:33:46,054-DEBUG-root-20424::psutil_info::system_info|6:: MEMORY USAGE: 89.1%
2025-07-24 10:33:46,064-DEBUG-root-20424::psutil_info::system_info|7:: MEMORY AVAILABLE: 10.89%
2025-07-24 10:33:46,064-DEBUG-root-20424::webapp_internal::wait_blocker|2399:: Waiting blocker to continue...
2025-07-24 10:33:46,182-DEBUG-root-20424::webapp_internal::wait_blocker|2424:: Blocker status: False
2025-07-24 10:33:46,183-DEBUG-root-20424::webapp_internal::wait_element|7652:: Waiting for element
2025-07-24 10:33:46,258-DEBUG-root-20424::webapp_internal::wait_element|7682:: Element found! Waiting for element to be displayed.
2025-07-24 10:33:46,315-INFO-root-20424::webapp_internal::input_value|2894:: Looking for element: Z01_DESC
2025-07-24 10:33:46,424-INFO-root-20424::webapp_internal::input_value|2904:: Element: Z01_DESC Found!
2025-07-24 10:33:46,424-INFO-root-20424::webapp_internal::input_value|2906:: Filling element: Z01_DESC
2025-07-24 10:33:46,457-DEBUG-root-20424::webapp_internal::get_web_value|3193:: Current value:                                                                                                                                                                                                         
2025-07-24 10:33:46,495-DEBUG-root-20424::base::double_click|256:: Click Type: ClickType.SELENIUM
2025-07-24 10:33:46,780-DEBUG-root-20424::webapp_internal::wait_blocker|2399:: Waiting blocker to continue...
2025-07-24 10:33:46,921-DEBUG-root-20424::webapp_internal::wait_blocker|2424:: Blocker status: False
2025-07-24 10:33:47,247-DEBUG-root-20424::webapp_internal::get_web_value|3193:: Current value: TESTE MULHER INCRIVEL                                                                                                                                                                                   
2025-07-24 10:33:47,247-INFO-root-20424::webapp_internal::input_value|3020:: Current field value: TESTE MULHER INCRIVEL
2025-07-24 10:33:47,275-DEBUG-root-20424::webapp_internal::wait_blocker|2399:: Waiting blocker to continue...
2025-07-24 10:33:47,309-DEBUG-root-20424::webapp_internal::wait_blocker|2424:: Blocker status: None
2025-07-24 10:33:47,309-DEBUG-root-20424::webapp_internal::wait_element|7652:: Waiting for element
2025-07-24 10:33:47,388-DEBUG-root-20424::webapp_internal::wait_element|7682:: Element found! Waiting for element to be displayed.
2025-07-24 10:33:47,451-INFO-root-20424::webapp_internal::input_value|2894:: Looking for element: Z01_TIPO
2025-07-24 10:33:47,556-INFO-root-20424::webapp_internal::input_value|2904:: Element: Z01_TIPO Found!
2025-07-24 10:33:47,556-INFO-root-20424::webapp_internal::input_value|2906:: Filling element: Z01_TIPO
2025-07-24 10:33:48,878-INFO-root-20424::base::select_combo|862:: Selected value for combo is: 1 - Próprio
2025-07-24 10:33:48,934-INFO-root-20424::webapp_internal::SetButton|4404:: Clicking on Confirma
2025-07-24 10:33:48,934-DEBUG-root-20424::webapp_internal::wait_blocker|2399:: Waiting blocker to continue...
2025-07-24 10:33:49,054-DEBUG-root-20424::webapp_internal::wait_blocker|2424:: Blocker status: False
2025-07-24 10:33:49,360-DEBUG-root-20424::webapp_internal::wait_element_timeout|7755:: Element found! Waiting for element to be displayed.
2025-07-24 10:33:49,534-DEBUG-root-20424::webapp_internal::SetButton|4441:: ***System Info*** Before Clicking on button:Confirma
2025-07-24 10:33:49,534-DEBUG-root-20424::psutil_info::system_info|5:: CPU USAGE: 19.6%
2025-07-24 10:33:49,539-DEBUG-root-20424::psutil_info::system_info|6:: MEMORY USAGE: 89.5%
2025-07-24 10:33:49,551-DEBUG-root-20424::psutil_info::system_info|7:: MEMORY AVAILABLE: 10.51%
2025-07-24 10:33:49,862-DEBUG-root-20424::webapp_internal::wait_element_timeout|7755:: Element found! Waiting for element to be displayed.
2025-07-24 10:33:50,171-DEBUG-root-20424::webapp_internal::wait_blocker|2399:: Waiting blocker to continue...
2025-07-24 10:33:50,309-DEBUG-root-20424::webapp_internal::wait_blocker|2424:: Blocker status: False
2025-07-24 10:33:50,309-DEBUG-root-20424::webapp_internal::send_action|10482:: Trying to send action
2025-07-24 10:33:50,312-DEBUG-root-20424::base::click|189:: Click Type: ClickType.JS
2025-07-24 10:33:51,376-DEBUG-root-20424::webapp_internal::send_action|10523:: send_action method result = True
2025-07-24 10:33:51,377-DEBUG-root-20424::webapp_internal::send_action|10524:: send_action selenium status: False
2025-07-24 10:33:51,378-DEBUG-root-20424::webapp_internal::SetButton|4643:: ***System Info*** After Clicking on button:
2025-07-24 10:33:51,378-DEBUG-root-20424::psutil_info::system_info|5:: CPU USAGE: 31.5%
2025-07-24 10:33:51,384-DEBUG-root-20424::psutil_info::system_info|6:: MEMORY USAGE: 88.6%
2025-07-24 10:33:51,395-DEBUG-root-20424::psutil_info::system_info|7:: MEMORY AVAILABLE: 11.42%
